Traceback (most recent call last):
  File "/usr/local/lib/python3.10/dist-packages/jupyter_cache/executors/utils.py", line 58, in single_nb_execution
    executenb(
  File "/usr/local/lib/python3.10/dist-packages/nbclient/client.py", line 1314, in execute
    return NotebookClient(nb=nb, resources=resources, km=km, **kwargs).execute()
  File "/usr/local/lib/python3.10/dist-packages/jupyter_core/utils/__init__.py", line 165, in wrapped
    return loop.run_until_complete(inner)
  File "/usr/lib/python3.10/asyncio/base_events.py", line 649, in run_until_complete
    return future.result()
  File "/usr/local/lib/python3.10/dist-packages/nbclient/client.py", line 709, in async_execute
    await self.async_execute_cell(
  File "/usr/local/lib/python3.10/dist-packages/nbclient/client.py", line 1062, in async_execute_cell
    await self._check_raise_for_error(cell, cell_index, exec_reply)
  File "/usr/local/lib/python3.10/dist-packages/nbclient/client.py", line 918, in _check_raise_for_error
    raise CellExecutionError.from_cell_and_msg(cell, exec_reply_content)
nbclient.exceptions.CellExecutionError: An error occurred while executing the following cell:
------------------
import gdown
import numpy as np
import pandas as pd
import nltk
from nltk.tokenize import word_tokenize, sent_tokenize
import re
from nltk.corpus import stopwords
from Sastrawi.Stemmer.StemmerFactory import StemmerFactory
from sklearn.feature_extraction.text import TfidfVectorizer,CountVectorizer, TfidfTransformer
from sklearn.metrics.pairwise import cosine_similarity
import networkx as nx
import matplotlib.pyplot as plt
------------------


[0;31m---------------------------------------------------------------------------[0m
[0;31mModuleNotFoundError[0m                       Traceback (most recent call last)
[0;32m<ipython-input-1-262680e008b2>[0m in [0;36m<cell line: 8>[0;34m()[0m
[1;32m      6[0m [0;32mimport[0m [0mre[0m[0;34m[0m[0;34m[0m[0m
[1;32m      7[0m [0;32mfrom[0m [0mnltk[0m[0;34m.[0m[0mcorpus[0m [0;32mimport[0m [0mstopwords[0m[0;34m[0m[0;34m[0m[0m
[0;32m----> 8[0;31m [0;32mfrom[0m [0mSastrawi[0m[0;34m.[0m[0mStemmer[0m[0;34m.[0m[0mStemmerFactory[0m [0;32mimport[0m [0mStemmerFactory[0m[0;34m[0m[0;34m[0m[0m
[0m[1;32m      9[0m [0;32mfrom[0m [0msklearn[0m[0;34m.[0m[0mfeature_extraction[0m[0;34m.[0m[0mtext[0m [0;32mimport[0m [0mTfidfVectorizer[0m[0;34m,[0m[0mCountVectorizer[0m[0;34m,[0m [0mTfidfTransformer[0m[0;34m[0m[0;34m[0m[0m
[1;32m     10[0m [0;32mfrom[0m [0msklearn[0m[0;34m.[0m[0mmetrics[0m[0;34m.[0m[0mpairwise[0m [0;32mimport[0m [0mcosine_similarity[0m[0;34m[0m[0;34m[0m[0m

[0;31mModuleNotFoundError[0m: No module named 'Sastrawi'

[0;31m---------------------------------------------------------------------------[0;32m
NOTE: If your import is failing due to a missing package, you can
manually install dependencies using either !pip or !apt.

To view examples of installing some common dependencies, click the
"Open Examples" button below.
[0;31m---------------------------------------------------------------------------[0m


